  Main.cpp
d:\vcproject\biaopan\demo1\demo1\demo1\main.cpp(90): warning C4267: “初始化”: 从“size_t”转换到“unsigned int”，可能丢失数据
d:\vcproject\biaopan\demo1\demo1\demo1\main.cpp(219): warning C4267: “初始化”: 从“size_t”转换到“unsigned int”，可能丢失数据
d:\vcproject\biaopan\demo1\demo1\demo1\main.cpp(220): warning C4267: “初始化”: 从“size_t”转换到“unsigned int”，可能丢失数据
d:\vcproject\biaopan\demo1\demo1\demo1\main.cpp(232): warning C4244: “参数”: 从“const float”转换到“_Tp”，可能丢失数据
          with
          [
              _Tp=int
          ]
d:\vcproject\biaopan\demo1\demo1\demo1\main.cpp(241): warning C4244: “参数”: 从“const float”转换到“_Tp”，可能丢失数据
          with
          [
              _Tp=int
          ]
d:\vcproject\biaopan\demo1\demo1\demo1\main.cpp(258): warning C4018: “<”: 有符号/无符号不匹配
d:\vcproject\biaopan\demo1\demo1\demo1\main.cpp(261): warning C4018: “<”: 有符号/无符号不匹配
d:\vcproject\biaopan\demo1\demo1\demo1\main.cpp(451): warning C4305: “初始化”: 从“double”到“float”截断
d:\vcproject\biaopan\demo1\demo1\demo1\main.cpp(717): warning C4244: “参数”: 从“float”转换到“const unsigned __int64”，可能丢失数据
d:\vcproject\biaopan\demo1\demo1\demo1\main.cpp(812): warning C4244: “return”: 从“double”转换到“float”，可能丢失数据
d:\vcproject\biaopan\demo1\demo1\demo1\main.cpp(833): warning C4244: “参数”: 从“float”转换到“_Tp”，可能丢失数据
          with
          [
              _Tp=int
          ]
d:\vcproject\biaopan\demo1\demo1\demo1\main.cpp(839): warning C4244: “初始化”: 从“_Tp”转换到“float”，可能丢失数据
          with
          [
              _Tp=int
          ]
d:\vcproject\biaopan\demo1\demo1\demo1\main.cpp(840): warning C4244: “初始化”: 从“_Tp”转换到“float”，可能丢失数据
          with
          [
              _Tp=int
          ]
d:\vcproject\biaopan\demo1\demo1\demo1\main.cpp(855): warning C4305: “参数”: 从“double”到“float”截断
d:\vcproject\biaopan\demo1\demo1\demo1\main.cpp(856): warning C4244: “初始化”: 从“double”转换到“float”，可能丢失数据
d:\vcproject\biaopan\demo1\demo1\demo1\main.cpp(995): warning C4267: “初始化”: 从“size_t”转换到“int”，可能丢失数据
d:\vcproject\biaopan\demo1\demo1\demo1\main.cpp(1073): warning C4244: “参数”: 从“_Tp”转换到“_Tp”，可能丢失数据
          with
          [
              _Tp=float
          ]
          and
          [
              _Tp=int
          ]
d:\vcproject\biaopan\demo1\demo1\demo1\main.cpp(1129): warning C4244: “初始化”: 从“float”转换到“int”，可能丢失数据
d:\vcproject\biaopan\demo1\demo1\demo1\main.cpp(1168): warning C4267: “初始化”: 从“size_t”转换到“int”，可能丢失数据
d:\vcproject\biaopan\demo1\demo1\demo1\main.cpp(1170): warning C4244: “参数”: 从“_Tp”转换到“_Tp”，可能丢失数据
          with
          [
              _Tp=float
          ]
          and
          [
              _Tp=int
          ]
d:\vcproject\biaopan\demo1\demo1\demo1\main.cpp(1177): warning C4244: “参数”: 从“_Tp”转换到“int”，可能丢失数据
          with
          [
              _Tp=float
          ]
d:\vcproject\biaopan\demo1\demo1\demo1\main.cpp(1191): warning C4244: “初始化”: 从“double”转换到“float”，可能丢失数据
d:\vcproject\biaopan\demo1\demo1\demo1\main.cpp(1199): warning C4267: “初始化”: 从“size_t”转换到“int”，可能丢失数据
d:\vcproject\biaopan\demo1\demo1\demo1\main.cpp(1205): warning C4267: “初始化”: 从“size_t”转换到“int”，可能丢失数据
d:\vcproject\biaopan\demo1\demo1\demo1\main.cpp(1211): warning C4267: “初始化”: 从“size_t”转换到“int”，可能丢失数据
d:\vcproject\biaopan\demo1\demo1\demo1\main.cpp(1218): warning C4244: “参数”: 从“_Tp”转换到“_Tp”，可能丢失数据
          with
          [
              _Tp=float
          ]
          and
          [
              _Tp=int
          ]
d:\vcproject\biaopan\demo1\demo1\demo1\main.cpp(1264): warning C4267: “初始化”: 从“size_t”转换到“int”，可能丢失数据
d:\vcproject\biaopan\demo1\demo1\demo1\main.cpp(1269): warning C4267: “初始化”: 从“size_t”转换到“int”，可能丢失数据
d:\vcproject\biaopan\demo1\demo1\demo1\main.cpp(1283): warning C4267: “初始化”: 从“size_t”转换到“int”，可能丢失数据
d:\vcproject\biaopan\demo1\demo1\demo1\main.cpp(1299): warning C4267: “初始化”: 从“size_t”转换到“int”，可能丢失数据
d:\vcproject\biaopan\demo1\demo1\demo1\main.cpp(1312): warning C4267: “初始化”: 从“size_t”转换到“int”，可能丢失数据
d:\vcproject\biaopan\demo1\demo1\demo1\main.cpp(1319): warning C4244: “参数”: 从“_Tp”转换到“_Tp”，可能丢失数据
          with
          [
              _Tp=float
          ]
          and
          [
              _Tp=int
          ]
d:\vcproject\biaopan\demo1\demo1\demo1\main.cpp(1320): warning C4244: “参数”: 从“_Tp”转换到“_Tp”，可能丢失数据
          with
          [
              _Tp=float
          ]
          and
          [
              _Tp=int
          ]
d:\vcproject\biaopan\demo1\demo1\demo1\main.cpp(1331): warning C4267: “初始化”: 从“size_t”转换到“int”，可能丢失数据
d:\vcproject\biaopan\demo1\demo1\demo1\main.cpp(1348): warning C4244: “参数”: 从“_Tp”转换到“_Tp”，可能丢失数据
          with
          [
              _Tp=float
          ]
          and
          [
              _Tp=int
          ]
d:\vcproject\biaopan\demo1\demo1\demo1\main.cpp(1349): warning C4244: “参数”: 从“_Tp”转换到“_Tp”，可能丢失数据
          with
          [
              _Tp=float
          ]
          and
          [
              _Tp=int
          ]
d:\vcproject\biaopan\demo1\demo1\demo1\main.cpp(1357): warning C4244: “参数”: 从“_Tp”转换到“_Tp”，可能丢失数据
          with
          [
              _Tp=float
          ]
          and
          [
              _Tp=int
          ]
d:\vcproject\biaopan\demo1\demo1\demo1\main.cpp(1364): warning C4267: “初始化”: 从“size_t”转换到“int”，可能丢失数据
d:\vcproject\biaopan\demo1\demo1\demo1\main.cpp(1368): warning C4244: “初始化”: 从“_Tp”转换到“int”，可能丢失数据
          with
          [
              _Tp=float
          ]
d:\vcproject\biaopan\demo1\demo1\demo1\main.cpp(1369): warning C4244: “初始化”: 从“_Tp”转换到“int”，可能丢失数据
          with
          [
              _Tp=float
          ]
d:\vcproject\biaopan\demo1\demo1\demo1\main.cpp(1371): warning C4244: “参数”: 从“int”转换到“float”，可能丢失数据
d:\vcproject\biaopan\demo1\demo1\demo1\main.cpp(1374): warning C4267: “初始化”: 从“size_t”转换到“int”，可能丢失数据
d:\vcproject\biaopan\demo1\demo1\demo1\main.cpp(1406): warning C4244: “参数”: 从“_Tp”转换到“_Tp”，可能丢失数据
          with
          [
              _Tp=float
          ]
          and
          [
              _Tp=int
          ]
d:\vcproject\biaopan\demo1\demo1\demo1\main.cpp(1422): warning C4244: “参数”: 从“_Tp”转换到“_Tp”，可能丢失数据
          with
          [
              _Tp=float
          ]
          and
          [
              _Tp=int
          ]
d:\vcproject\biaopan\demo1\demo1\demo1\main.cpp(1423): warning C4244: “参数”: 从“double”转换到“float”，可能丢失数据
d:\vcproject\biaopan\demo1\demo1\demo1\main.cpp(1426): warning C4244: “初始化”: 从“double”转换到“float”，可能丢失数据
d:\vcproject\biaopan\demo1\demo1\demo1\main.cpp(1451): warning C4267: “=”: 从“size_t”转换到“int”，可能丢失数据
d:\vcproject\biaopan\demo1\demo1\demo1\main.cpp(1464): warning C4244: “参数”: 从“_Tp”转换到“_Tp”，可能丢失数据
          with
          [
              _Tp=float
          ]
          and
          [
              _Tp=int
          ]
d:\vcproject\biaopan\demo1\demo1\demo1\main.cpp(1577): warning C4244: “初始化”: 从“float”转换到“int”，可能丢失数据
d:\vcproject\biaopan\demo1\demo1\demo1\main.cpp(1593): warning C4244: “初始化”: 从“float”转换到“int”，可能丢失数据
d:\vcproject\biaopan\demo1\demo1\demo1\main.cpp(1628): warning C4244: “初始化”: 从“float”转换到“int”，可能丢失数据
d:\vcproject\biaopan\demo1\demo1\demo1\main.cpp(1737): warning C4267: “初始化”: 从“size_t”转换到“int”，可能丢失数据
  demo1.vcxproj -> D:\VcProject\biaopan\demo1\demo1\x64\Debug\demo1.exe
